Client/dpy/build/jsb-link/frameworks/runtime-src/proj.android-studio/app/build/outputs/logs/manifest-merger-debug-report.txt
-- Merging decision tree log ---
manifest
ADDED from proj.android-studio\app\AndroidManifest.xml:2:1-42:12
INJECTED from proj.android-studio\app\AndroidManifest.xml:2:1-42:12
INJECTED from proj.android-studio\app\AndroidManifest.xml:2:1-42:12
INJECTED from proj.android-studio\app\AndroidManifest.xml:2:1-42:12
MERGED from [:libcocos2dx] AndroidManifest.xml:2:1-11:12
INJECTED from proj.android-studio\app\AndroidManifest.xml:2:1-42:12
INJECTED from proj.android-studio\app\AndroidManifest.xml:2:1-42:12
INJECTED from proj.android-studio\app\AndroidManifest.xml:2:1-42:12
	package
		ADDED from proj.android-studio\app\AndroidManifest.xml:3:5-25
		INJECTED from proj.android-studio\app\AndroidManifest.xml
		INJECTED from proj.android-studio\app\AndroidManifest.xml
	android:versionName
		INJECTED from proj.android-studio\app\AndroidManifest.xml
		ADDED from proj.android-studio\app\AndroidManifest.xml:2:1-42:12
		INJECTED from proj.android-studio\app\AndroidManifest.xml
	android:versionCode
		INJECTED from proj.android-studio\app\AndroidManifest.xml
		ADDED from proj.android-studio\app\AndroidManifest.xml:2:1-42:12
		INJECTED from proj.android-studio\app\AndroidManifest.xml
	xmlns:android
		ADDED from proj.android-studio\app\AndroidManifest.xml:2:11-69
	android:installLocation
		ADDED from proj.android-studio\app\AndroidManifest.xml:4:5-35
uses-feature#0x00020000
ADDED from proj.android-studio\app\AndroidManifest.xml:6:5-54
	android:glEsVersion
		ADDED from proj.android-studio\app\AndroidManifest.xml:6:19-51
uses-permission#android.permission.INTERNET
ADDED from proj.android-studio\app\AndroidManifest.xml:8:5-66
	android:name
		ADDED from proj.android-studio\app\AndroidManifest.xml:8:22-64
uses-permission#android.permission.CHANGE_NETWORK_STATE
ADDED from proj.android-studio\app\AndroidManifest.xml:9:5-78
	android:name
		ADDED from proj.android-studio\app\AndroidManifest.xml:9:22-76
uses-permission#android.permission.CHANGE_WIFI_STATE
ADDED from proj.android-studio\app\AndroidManifest.xml:10:5-75
	android:name
		ADDED from proj.android-studio\app\AndroidManifest.xml:10:22-73
uses-permission#android.permission.ACCESS_NETWORK_STATE
ADDED from proj.android-studio\app\AndroidManifest.xml:11:5-78
	android:name
		ADDED from proj.android-studio\app\AndroidManifest.xml:11:22-76
uses-permission#android.permission.ACCESS_WIFI_STATE
ADDED from proj.android-studio\app\AndroidManifest.xml:12:5-75
	android:name
		ADDED from proj.android-studio\app\AndroidManifest.xml:12:22-73
uses-permission#android.permission.READ_PHONE_STATE
ADDED from proj.android-studio\app\AndroidManifest.xml:13:5-74
	android:name
		ADDED from proj.android-studio\app\AndroidManifest.xml:13:22-72
uses-permission#android.permission.MOUNT_UNMOUNT_FILESYSTEMS
ADDED from proj.android-studio\app\AndroidManifest.xml:14:5-83
	android:name
		ADDED from proj.android-studio\app\AndroidManifest.xml:14:22-81
uses-permission#android.permission.WRITE_EXTERNAL_STORAGE
ADDED from proj.android-studio\app\AndroidManifest.xml:15:5-80
	android:name
		ADDED from proj.android-studio\app\AndroidManifest.xml:15:22-78
uses-permission#android.permission.RESTART_PACKAGES
ADDED from proj.android-studio\app\AndroidManifest.xml:16:5-75
	android:name
		ADDED from proj.android-studio\app\AndroidManifest.xml:16:22-72
uses-permission#android.permission.KILL_BACKGROUND_PROCESSES
ADDED from proj.android-studio\app\AndroidManifest.xml:17:5-84
	android:name
		ADDED from proj.android-studio\app\AndroidManifest.xml:17:22-81
application
ADDED from proj.android-studio\app\AndroidManifest.xml:19:5-40:19
	android:label
		ADDED from proj.android-studio\app\AndroidManifest.xml:21:9-41
	android:icon
		ADDED from proj.android-studio\app\AndroidManifest.xml:22:9-43
	android:allowBackup
		ADDED from proj.android-studio\app\AndroidManifest.xml:20:9-35
meta-data#android.app.lib_name
ADDED from proj.android-studio\app\AndroidManifest.xml:25:9-26:48
	android:value
		ADDED from proj.android-studio\app\AndroidManifest.xml:26:20-45
	android:name
		ADDED from proj.android-studio\app\AndroidManifest.xml:25:20-55
activity#org.cocos2dx.javascript.AppActivity
ADDED from proj.android-studio\app\AndroidManifest.xml:28:9-39:20
	android:screenOrientation
		ADDED from proj.android-studio\app\AndroidManifest.xml:30:13-49
	android:label
		ADDED from proj.android-studio\app\AndroidManifest.xml:32:13-45
	android:configChanges
		ADDED from proj.android-studio\app\AndroidManifest.xml:31:13-74
	android:theme
		ADDED from proj.android-studio\app\AndroidManifest.xml:33:13-71
	android:name
		ADDED from proj.android-studio\app\AndroidManifest.xml:29:13-63
intent-filter#android.intent.action.MAIN+android.intent.category.LAUNCHER
ADDED from proj.android-studio\app\AndroidManifest.xml:34:13-38:29
action#android.intent.action.MAIN
ADDED from proj.android-studio\app\AndroidManifest.xml:35:17-69
	android:name
		ADDED from proj.android-studio\app\AndroidManifest.xml:35:25-66
category#android.intent.category.LAUNCHER
ADDED from proj.android-studio\app\AndroidManifest.xml:37:17-77
	android:name
		ADDED from proj.android-studio\app\AndroidManifest.xml:37:27-74
uses-sdk
INJECTED from proj.android-studio\app\AndroidManifest.xml reason: use-sdk injection requested
INJECTED from proj.android-studio\app\AndroidManifest.xml
INJECTED from proj.android-studio\app\AndroidManifest.xml
MERGED from [:libcocos2dx] AndroidManifest.xml:7:5-9:41
MERGED from [:libcocos2dx] AndroidManifest.xml:7:5-9:41
INJECTED from proj.android-studio\app\AndroidManifest.xml
INJECTED from proj.android-studio\app\AndroidManifest.xml
	android:targetSdkVersion
		INJECTED from proj.android-studio\app\AndroidManifest.xml
		ADDED from proj.android-studio\app\AndroidManifest.xml
		INJECTED from proj.android-studio\app\AndroidManifest.xml
	android:minSdkVersion
		INJECTED from proj.android-studio\app\AndroidManifest.xml
		ADDED from proj.android-studio\app\AndroidManifest.xml
		INJECTED from proj.android-studio\app\AndroidManifest.xml